[ 2015-04-28T08:14:50+08:00 ] 127.0.0.1 /kefu/index.php?m=Home&c=index&a=register
INFO: [ app_init ] --START--
INFO: Run Behavior\BuildLiteBehavior [ RunTime:0.000000s ]
INFO: [ app_init ] --END-- [ RunTime:0.123007s ]
INFO: [ app_begin ] --START--
INFO: Run Behavior\ReadHtmlCacheBehavior [ RunTime:0.012001s ]
INFO: [ app_begin ] --END-- [ RunTime:0.012001s ]
INFO: [ view_parse ] --START--
INFO: [ template_filter ] --START--
INFO: Run Behavior\ContentReplaceBehavior [ RunTime:0.000000s ]
INFO: [ template_filter ] --END-- [ RunTime:0.000000s ]
INFO: Run Behavior\ParseTemplateBehavior [ RunTime:0.266015s ]
INFO: [ view_parse ] --END-- [ RunTime:0.266015s ]
INFO: [ view_filter ] --START--
INFO: Run Behavior\WriteHtmlCacheBehavior [ RunTime:0.011001s ]
INFO: [ view_filter ] --END-- [ RunTime:0.011001s ]
INFO: [ app_end ] --START--
INFO: Run Behavior\ShowPageTraceBehavior [ RunTime:0.008000s ]
INFO: [ app_end ] --END-- [ RunTime:0.008000s ]

[ 2015-04-28T16:46:36+08:00 ] 127.0.0.1 /kefu/index.php?m=Home&c=index&a=register
INFO: [ app_init ] --START--
INFO: Run Behavior\BuildLiteBehavior [ RunTime:0.000000s ]
INFO: [ app_init ] --END-- [ RunTime:0.050003s ]
INFO: [ app_begin ] --START--
INFO: Run Behavior\ReadHtmlCacheBehavior [ RunTime:0.020001s ]
INFO: [ app_begin ] --END-- [ RunTime:0.021001s ]
NOTIC: [8] Use of undefined constant data - assumed 'data' I:\wamp\server\Apache\htdocs\kefu\Application\Home\Controller\IndexController.class.php 第 30 行.
NOTIC: [8] Undefined index: data I:\wamp\server\Apache\htdocs\kefu\Application\Home\Controller\IndexController.class.php 第 30 行.
NOTIC: [8] Use of undefined constant username - assumed 'username' I:\wamp\server\Apache\htdocs\kefu\Application\Home\Controller\IndexController.class.php 第 31 行.
INFO: [ view_parse ] --START--
INFO: [ template_filter ] --START--
INFO: Run Behavior\ContentReplaceBehavior [ RunTime:0.000000s ]
INFO: [ template_filter ] --END-- [ RunTime:0.000000s ]
INFO: Run Behavior\ParseTemplateBehavior [ RunTime:0.230013s ]
INFO: [ view_parse ] --END-- [ RunTime:0.231013s ]
INFO: [ view_filter ] --START--
INFO: Run Behavior\WriteHtmlCacheBehavior [ RunTime:0.001000s ]
INFO: [ view_filter ] --END-- [ RunTime:0.001000s ]

[ 2015-04-28T16:46:40+08:00 ] 127.0.0.1 /kefu/index.php?m=Home&c=index&a=register
INFO: [ app_init ] --START--
INFO: Run Behavior\BuildLiteBehavior [ RunTime:0.000000s ]
INFO: [ app_init ] --END-- [ RunTime:0.001000s ]
INFO: [ app_begin ] --START--
INFO: Run Behavior\ReadHtmlCacheBehavior [ RunTime:0.000000s ]
INFO: [ app_begin ] --END-- [ RunTime:0.000000s ]
INFO: [ view_parse ] --START--
INFO: [ template_filter ] --START--
INFO: Run Behavior\ContentReplaceBehavior [ RunTime:0.000000s ]
INFO: [ template_filter ] --END-- [ RunTime:0.000000s ]
INFO: Run Behavior\ParseTemplateBehavior [ RunTime:0.078005s ]
INFO: [ view_parse ] --END-- [ RunTime:0.078005s ]
INFO: [ view_filter ] --START--
INFO: Run Behavior\WriteHtmlCacheBehavior [ RunTime:0.000000s ]
INFO: [ view_filter ] --END-- [ RunTime:0.000000s ]
INFO: [ app_end ] --START--
INFO: Run Behavior\ShowPageTraceBehavior [ RunTime:0.002000s ]
INFO: [ app_end ] --END-- [ RunTime:0.002000s ]

[ 2015-04-28T16:47:05+08:00 ] 127.0.0.1 /kefu/index.php?m=Home&c=index&a=register
INFO: [ app_init ] --START--
INFO: Run Behavior\BuildLiteBehavior [ RunTime:0.000000s ]
INFO: [ app_init ] --END-- [ RunTime:0.001000s ]
INFO: [ app_begin ] --START--
INFO: Run Behavior\ReadHtmlCacheBehavior [ RunTime:0.001000s ]
INFO: [ app_begin ] --END-- [ RunTime:0.001000s ]
NOTIC: [8] Use of undefined constant data - assumed 'data' I:\wamp\server\Apache\htdocs\kefu\Application\Home\Controller\IndexController.class.php 第 30 行.
NOTIC: [8] Undefined index: data I:\wamp\server\Apache\htdocs\kefu\Application\Home\Controller\IndexController.class.php 第 30 行.

[ 2015-04-28T16:47:32+08:00 ] 127.0.0.1 /kefu/index.php?m=Home&c=index&a=register
INFO: [ app_init ] --START--
INFO: Run Behavior\BuildLiteBehavior [ RunTime:0.000000s ]
INFO: [ app_init ] --END-- [ RunTime:0.000000s ]
INFO: [ app_begin ] --START--
INFO: Run Behavior\ReadHtmlCacheBehavior [ RunTime:0.001000s ]
INFO: [ app_begin ] --END-- [ RunTime:0.001000s ]
NOTIC: [8] Use of undefined constant data - assumed 'data' I:\wamp\server\Apache\htdocs\kefu\Application\Home\Controller\IndexController.class.php 第 30 行.
NOTIC: [8] Undefined index: data I:\wamp\server\Apache\htdocs\kefu\Application\Home\Controller\IndexController.class.php 第 30 行.

[ 2015-04-28T16:47:56+08:00 ] 127.0.0.1 /kefu/index.php?m=Home&c=index&a=register
INFO: [ app_init ] --START--
INFO: Run Behavior\BuildLiteBehavior [ RunTime:0.000000s ]
INFO: [ app_init ] --END-- [ RunTime:0.001000s ]
INFO: [ app_begin ] --START--
INFO: Run Behavior\ReadHtmlCacheBehavior [ RunTime:0.001000s ]
INFO: [ app_begin ] --END-- [ RunTime:0.001000s ]
NOTIC: [8] Use of undefined constant data - assumed 'data' I:\wamp\server\Apache\htdocs\kefu\Application\Home\Controller\IndexController.class.php 第 30 行.
NOTIC: [8] Undefined index: data I:\wamp\server\Apache\htdocs\kefu\Application\Home\Controller\IndexController.class.php 第 30 行.

[ 2015-04-28T16:53:01+08:00 ] 127.0.0.1 /kefu/index.php?m=Home&c=index&a=register
INFO: [ app_init ] --START--
INFO: Run Behavior\BuildLiteBehavior [ RunTime:0.000000s ]
INFO: [ app_init ] --END-- [ RunTime:0.000000s ]
INFO: [ app_begin ] --START--
INFO: Run Behavior\ReadHtmlCacheBehavior [ RunTime:0.001000s ]
INFO: [ app_begin ] --END-- [ RunTime:0.001000s ]
INFO: [ view_parse ] --START--
INFO: [ template_filter ] --START--
INFO: Run Behavior\ContentReplaceBehavior [ RunTime:0.000000s ]
INFO: [ template_filter ] --END-- [ RunTime:0.000000s ]
INFO: Run Behavior\ParseTemplateBehavior [ RunTime:0.028002s ]
INFO: [ view_parse ] --END-- [ RunTime:0.028002s ]
INFO: [ view_filter ] --START--
INFO: Run Behavior\WriteHtmlCacheBehavior [ RunTime:0.000000s ]
INFO: [ view_filter ] --END-- [ RunTime:0.000000s ]
INFO: [ app_end ] --START--
INFO: Run Behavior\ShowPageTraceBehavior [ RunTime:0.001000s ]
INFO: [ app_end ] --END-- [ RunTime:0.001000s ]

[ 2015-04-28T16:53:08+08:00 ] 127.0.0.1 /kefu/index.php?m=Home&c=index&a=register
INFO: [ app_init ] --START--
INFO: Run Behavior\BuildLiteBehavior [ RunTime:0.000000s ]
INFO: [ app_init ] --END-- [ RunTime:0.001000s ]
INFO: [ app_begin ] --START--
INFO: Run Behavior\ReadHtmlCacheBehavior [ RunTime:0.001000s ]
INFO: [ app_begin ] --END-- [ RunTime:0.001000s ]
NOTIC: [8] Use of undefined constant data - assumed 'data' I:\wamp\server\Apache\htdocs\kefu\Application\Home\Controller\IndexController.class.php 第 30 行.
NOTIC: [8] Undefined index: data I:\wamp\server\Apache\htdocs\kefu\Application\Home\Controller\IndexController.class.php 第 30 行.

[ 2015-04-28T16:53:26+08:00 ] 127.0.0.1 /kefu/index.php?m=Home&c=index&a=register
INFO: [ app_init ] --START--
INFO: Run Behavior\BuildLiteBehavior [ RunTime:0.000000s ]
INFO: [ app_init ] --END-- [ RunTime:0.000000s ]
INFO: [ app_begin ] --START--
INFO: Run Behavior\ReadHtmlCacheBehavior [ RunTime:0.000000s ]
INFO: [ app_begin ] --END-- [ RunTime:0.000000s ]
NOTIC: [8] Use of undefined constant data - assumed 'data' I:\wamp\server\Apache\htdocs\kefu\Application\Home\Controller\IndexController.class.php 第 30 行.
NOTIC: [8] Undefined index: data I:\wamp\server\Apache\htdocs\kefu\Application\Home\Controller\IndexController.class.php 第 30 行.
NOTIC: [8] Use of undefined constant username - assumed 'username' I:\wamp\server\Apache\htdocs\kefu\Application\Home\Controller\IndexController.class.php 第 31 行.
INFO: [ view_parse ] --START--
INFO: [ template_filter ] --START--
INFO: Run Behavior\ContentReplaceBehavior [ RunTime:0.000000s ]
INFO: [ template_filter ] --END-- [ RunTime:0.000000s ]
INFO: Run Behavior\ParseTemplateBehavior [ RunTime:0.010001s ]
INFO: [ view_parse ] --END-- [ RunTime:0.010001s ]
INFO: [ view_filter ] --START--
INFO: Run Behavior\WriteHtmlCacheBehavior [ RunTime:0.001000s ]
INFO: [ view_filter ] --END-- [ RunTime:0.001000s ]

[ 2015-04-28T16:53:29+08:00 ] 127.0.0.1 /kefu/index.php?m=Home&c=index&a=register
INFO: [ app_init ] --START--
INFO: Run Behavior\BuildLiteBehavior [ RunTime:0.000000s ]
INFO: [ app_init ] --END-- [ RunTime:0.000000s ]
INFO: [ app_begin ] --START--
INFO: Run Behavior\ReadHtmlCacheBehavior [ RunTime:0.001000s ]
INFO: [ app_begin ] --END-- [ RunTime:0.001000s ]
INFO: [ view_parse ] --START--
INFO: [ template_filter ] --START--
INFO: Run Behavior\ContentReplaceBehavior [ RunTime:0.000000s ]
INFO: [ template_filter ] --END-- [ RunTime:0.000000s ]
INFO: Run Behavior\ParseTemplateBehavior [ RunTime:0.008000s ]
INFO: [ view_parse ] --END-- [ RunTime:0.008000s ]
INFO: [ view_filter ] --START--
INFO: Run Behavior\WriteHtmlCacheBehavior [ RunTime:0.000000s ]
INFO: [ view_filter ] --END-- [ RunTime:0.000000s ]
INFO: [ app_end ] --START--
INFO: Run Behavior\ShowPageTraceBehavior [ RunTime:0.001000s ]
INFO: [ app_end ] --END-- [ RunTime:0.001000s ]

[ 2015-04-28T16:53:36+08:00 ] 127.0.0.1 /kefu/index.php?m=Home&c=index&a=register
INFO: [ app_init ] --START--
INFO: Run Behavior\BuildLiteBehavior [ RunTime:0.000000s ]
INFO: [ app_init ] --END-- [ RunTime:0.000000s ]
INFO: [ app_begin ] --START--
INFO: Run Behavior\ReadHtmlCacheBehavior [ RunTime:0.001000s ]
INFO: [ app_begin ] --END-- [ RunTime:0.001000s ]
NOTIC: [8] Use of undefined constant data - assumed 'data' I:\wamp\server\Apache\htdocs\kefu\Application\Home\Controller\IndexController.class.php 第 30 行.
NOTIC: [8] Undefined index: data I:\wamp\server\Apache\htdocs\kefu\Application\Home\Controller\IndexController.class.php 第 30 行.
NOTIC: [8] Use of undefined constant username - assumed 'username' I:\wamp\server\Apache\htdocs\kefu\Application\Home\Controller\IndexController.class.php 第 31 行.
INFO: [ view_parse ] --START--
INFO: [ template_filter ] --START--
INFO: Run Behavior\ContentReplaceBehavior [ RunTime:0.000000s ]
INFO: [ template_filter ] --END-- [ RunTime:0.000000s ]
INFO: Run Behavior\ParseTemplateBehavior [ RunTime:0.011000s ]
INFO: [ view_parse ] --END-- [ RunTime:0.011000s ]
INFO: [ view_filter ] --START--
INFO: Run Behavior\WriteHtmlCacheBehavior [ RunTime:0.000000s ]
INFO: [ view_filter ] --END-- [ RunTime:0.000000s ]

[ 2015-04-28T16:53:39+08:00 ] 127.0.0.1 /kefu/index.php?m=Home&c=index&a=register
INFO: [ app_init ] --START--
INFO: Run Behavior\BuildLiteBehavior [ RunTime:0.000000s ]
INFO: [ app_init ] --END-- [ RunTime:0.000000s ]
INFO: [ app_begin ] --START--
INFO: Run Behavior\ReadHtmlCacheBehavior [ RunTime:0.001000s ]
INFO: [ app_begin ] --END-- [ RunTime:0.001000s ]
INFO: [ view_parse ] --START--
INFO: [ template_filter ] --START--
INFO: Run Behavior\ContentReplaceBehavior [ RunTime:0.000000s ]
INFO: [ template_filter ] --END-- [ RunTime:0.000000s ]
INFO: Run Behavior\ParseTemplateBehavior [ RunTime:0.014001s ]
INFO: [ view_parse ] --END-- [ RunTime:0.014001s ]
INFO: [ view_filter ] --START--
INFO: Run Behavior\WriteHtmlCacheBehavior [ RunTime:0.001000s ]
INFO: [ view_filter ] --END-- [ RunTime:0.001000s ]
INFO: [ app_end ] --START--
INFO: Run Behavior\ShowPageTraceBehavior [ RunTime:0.000000s ]
INFO: [ app_end ] --END-- [ RunTime:0.000000s ]

