[ 2015-04-25T09:33:01+08:00 ] 127.0.0.1 /kefu/index.php?m=Admin&c=index&a=index
INFO: [ app_init ] --START--
INFO: Run Behavior\BuildLiteBehavior [ RunTime:0.000000s ]
INFO: [ app_init ] --END-- [ RunTime:0.009000s ]
NOTIC: [8] Use of undefined constant TURE - assumed 'TURE' I:\wamp\server\Apache\htdocs\kefu\Application\Admin\Conf\config.php 第 9 行.

[ 2015-04-25T09:33:02+08:00 ] 127.0.0.1 /kefu/index.php?m=Admin&c=public&a=login
INFO: [ app_init ] --START--
INFO: Run Behavior\BuildLiteBehavior [ RunTime:0.000000s ]
INFO: [ app_init ] --END-- [ RunTime:0.012001s ]
NOTIC: [8] Use of undefined constant TURE - assumed 'TURE' I:\wamp\server\Apache\htdocs\kefu\Application\Admin\Conf\config.php 第 9 行.

[ 2015-04-25T09:33:03+08:00 ] 127.0.0.1 /kefu/index.php?m=Admin&c=public&a=login
INFO: [ app_init ] --START--
INFO: Run Behavior\BuildLiteBehavior [ RunTime:0.000000s ]
INFO: [ app_init ] --END-- [ RunTime:0.000000s ]
NOTIC: [8] Use of undefined constant TURE - assumed 'TURE' I:\wamp\server\Apache\htdocs\kefu\Application\Admin\Conf\config.php 第 9 行.

[ 2015-04-25T10:19:18+08:00 ] 127.0.0.1 /kefu/index.php?m=Admin&c=public&a=login
INFO: [ app_init ] --START--
INFO: Run Behavior\BuildLiteBehavior [ RunTime:0.000000s ]
INFO: [ app_init ] --END-- [ RunTime:0.001000s ]
NOTIC: [8] Use of undefined constant TURE - assumed 'TURE' I:\wamp\server\Apache\htdocs\kefu\Application\Admin\Conf\config.php 第 9 行.

[ 2015-04-25T14:37:35+08:00 ] 127.0.0.1 /kefu/index.php?m=Admin&c=public&a=login
INFO: [ app_init ] --START--
INFO: Run Behavior\BuildLiteBehavior [ RunTime:0.000000s ]
INFO: [ app_init ] --END-- [ RunTime:0.011000s ]
NOTIC: [8] Use of undefined constant TURE - assumed 'TURE' I:\wamp\server\Apache\htdocs\kefu\Application\Admin\Conf\config.php 第 9 行.

