[ 2015-04-23T08:34:31+08:00 ] 127.0.0.1 /kefu/index.php?m=Admin&c=index&a=index
INFO: [ app_init ] --START--
INFO: Run Behavior\BuildLiteBehavior [ RunTime:0.000000s ]
INFO: [ app_init ] --END-- [ RunTime:0.015001s ]
NOTIC: [8] Use of undefined constant TURE - assumed 'TURE' I:\wamp\server\Apache\htdocs\kefu\Application\Admin\Conf\config.php 第 9 行.

[ 2015-04-23T08:34:35+08:00 ] 127.0.0.1 /kefu/index.php?m=Admin&c=index&a=index
INFO: [ app_init ] --START--
INFO: Run Behavior\BuildLiteBehavior [ RunTime:0.000000s ]
INFO: [ app_init ] --END-- [ RunTime:0.001000s ]
NOTIC: [8] Use of undefined constant TURE - assumed 'TURE' I:\wamp\server\Apache\htdocs\kefu\Application\Admin\Conf\config.php 第 9 行.

[ 2015-04-23T08:34:42+08:00 ] 127.0.0.1 /kefu/index.php?m=Admin&c=User&a=index
INFO: [ app_init ] --START--
INFO: Run Behavior\BuildLiteBehavior [ RunTime:0.000000s ]
INFO: [ app_init ] --END-- [ RunTime:0.001000s ]
NOTIC: [8] Use of undefined constant TURE - assumed 'TURE' I:\wamp\server\Apache\htdocs\kefu\Application\Admin\Conf\config.php 第 9 行.

[ 2015-04-23T08:34:44+08:00 ] 127.0.0.1 /kefu/index.php?m=Admin&c=article&a=index
INFO: [ app_init ] --START--
INFO: Run Behavior\BuildLiteBehavior [ RunTime:0.001000s ]
INFO: [ app_init ] --END-- [ RunTime:0.001000s ]
NOTIC: [8] Use of undefined constant TURE - assumed 'TURE' I:\wamp\server\Apache\htdocs\kefu\Application\Admin\Conf\config.php 第 9 行.

[ 2015-04-23T09:24:12+08:00 ] 127.0.0.1 /kefu/index.php?m=Admin&c=article&a=index
INFO: [ app_init ] --START--
INFO: Run Behavior\BuildLiteBehavior [ RunTime:0.000000s ]
INFO: [ app_init ] --END-- [ RunTime:0.046003s ]
NOTIC: [8] Use of undefined constant TURE - assumed 'TURE' I:\wamp\server\Apache\htdocs\kefu\Application\Admin\Conf\config.php 第 9 行.

[ 2015-04-23T09:24:16+08:00 ] 127.0.0.1 /kefu/index.php?m=Admin&c=category&a=index
INFO: [ app_init ] --START--
INFO: Run Behavior\BuildLiteBehavior [ RunTime:0.000000s ]
INFO: [ app_init ] --END-- [ RunTime:0.001000s ]
NOTIC: [8] Use of undefined constant TURE - assumed 'TURE' I:\wamp\server\Apache\htdocs\kefu\Application\Admin\Conf\config.php 第 9 行.

[ 2015-04-23T09:24:16+08:00 ] 127.0.0.1 /kefu/index.php?m=Admin&c=article&a=index
INFO: [ app_init ] --START--
INFO: Run Behavior\BuildLiteBehavior [ RunTime:0.000000s ]
INFO: [ app_init ] --END-- [ RunTime:0.000000s ]
NOTIC: [8] Use of undefined constant TURE - assumed 'TURE' I:\wamp\server\Apache\htdocs\kefu\Application\Admin\Conf\config.php 第 9 行.

[ 2015-04-23T09:24:17+08:00 ] 127.0.0.1 /kefu/index.php?m=Admin&c=category&a=index
INFO: [ app_init ] --START--
INFO: Run Behavior\BuildLiteBehavior [ RunTime:0.000000s ]
INFO: [ app_init ] --END-- [ RunTime:0.000000s ]
NOTIC: [8] Use of undefined constant TURE - assumed 'TURE' I:\wamp\server\Apache\htdocs\kefu\Application\Admin\Conf\config.php 第 9 行.

[ 2015-04-23T09:24:20+08:00 ] 127.0.0.1 /kefu/index.php?m=Admin&c=article&a=index
INFO: [ app_init ] --START--
INFO: Run Behavior\BuildLiteBehavior [ RunTime:0.000000s ]
INFO: [ app_init ] --END-- [ RunTime:0.001000s ]
NOTIC: [8] Use of undefined constant TURE - assumed 'TURE' I:\wamp\server\Apache\htdocs\kefu\Application\Admin\Conf\config.php 第 9 行.

[ 2015-04-23T09:24:22+08:00 ] 127.0.0.1 /kefu/index.php?m=Admin&c=user&a=index
INFO: [ app_init ] --START--
INFO: Run Behavior\BuildLiteBehavior [ RunTime:0.000000s ]
INFO: [ app_init ] --END-- [ RunTime:0.001001s ]
NOTIC: [8] Use of undefined constant TURE - assumed 'TURE' I:\wamp\server\Apache\htdocs\kefu\Application\Admin\Conf\config.php 第 9 行.

[ 2015-04-23T09:24:25+08:00 ] 127.0.0.1 /kefu/index.php?m=Admin&c=article&a=index
INFO: [ app_init ] --START--
INFO: Run Behavior\BuildLiteBehavior [ RunTime:0.000000s ]
INFO: [ app_init ] --END-- [ RunTime:0.000000s ]
NOTIC: [8] Use of undefined constant TURE - assumed 'TURE' I:\wamp\server\Apache\htdocs\kefu\Application\Admin\Conf\config.php 第 9 行.

[ 2015-04-23T09:24:29+08:00 ] 127.0.0.1 /kefu/index.php?m=Admin&c=category&a=index
INFO: [ app_init ] --START--
INFO: Run Behavior\BuildLiteBehavior [ RunTime:0.000000s ]
INFO: [ app_init ] --END-- [ RunTime:0.001000s ]
NOTIC: [8] Use of undefined constant TURE - assumed 'TURE' I:\wamp\server\Apache\htdocs\kefu\Application\Admin\Conf\config.php 第 9 行.

[ 2015-04-23T09:24:33+08:00 ] 127.0.0.1 /kefu/index.php?m=Admin&c=article&a=index
INFO: [ app_init ] --START--
INFO: Run Behavior\BuildLiteBehavior [ RunTime:0.000000s ]
INFO: [ app_init ] --END-- [ RunTime:0.000000s ]
NOTIC: [8] Use of undefined constant TURE - assumed 'TURE' I:\wamp\server\Apache\htdocs\kefu\Application\Admin\Conf\config.php 第 9 行.

[ 2015-04-23T09:54:57+08:00 ] 127.0.0.1 /kefu/index.php?m=Admin&c=index&a=index
INFO: [ app_init ] --START--
INFO: Run Behavior\BuildLiteBehavior [ RunTime:0.000000s ]
INFO: [ app_init ] --END-- [ RunTime:0.001000s ]
NOTIC: [8] Use of undefined constant TURE - assumed 'TURE' I:\wamp\server\Apache\htdocs\kefu\Application\Admin\Conf\config.php 第 9 行.

[ 2015-04-23T09:55:00+08:00 ] 127.0.0.1 /kefu/index.php?m=Admin&c=article&a=index
INFO: [ app_init ] --START--
INFO: Run Behavior\BuildLiteBehavior [ RunTime:0.000000s ]
INFO: [ app_init ] --END-- [ RunTime:0.001000s ]
NOTIC: [8] Use of undefined constant TURE - assumed 'TURE' I:\wamp\server\Apache\htdocs\kefu\Application\Admin\Conf\config.php 第 9 行.

[ 2015-04-23T10:07:38+08:00 ] 127.0.0.1 /kefu/index.php?m=Admin&c=article&a=index
INFO: [ app_init ] --START--
INFO: Run Behavior\BuildLiteBehavior [ RunTime:0.000000s ]
INFO: [ app_init ] --END-- [ RunTime:0.000000s ]
NOTIC: [8] Use of undefined constant TURE - assumed 'TURE' I:\wamp\server\Apache\htdocs\kefu\Application\Admin\Conf\config.php 第 9 行.

[ 2015-04-23T10:07:40+08:00 ] 127.0.0.1 /kefu/index.php?m=Admin&c=category&a=index
INFO: [ app_init ] --START--
INFO: Run Behavior\BuildLiteBehavior [ RunTime:0.000000s ]
INFO: [ app_init ] --END-- [ RunTime:0.000000s ]
NOTIC: [8] Use of undefined constant TURE - assumed 'TURE' I:\wamp\server\Apache\htdocs\kefu\Application\Admin\Conf\config.php 第 9 行.

[ 2015-04-23T10:07:41+08:00 ] 127.0.0.1 /kefu/index.php?m=Admin&c=article&a=index
INFO: [ app_init ] --START--
INFO: Run Behavior\BuildLiteBehavior [ RunTime:0.000000s ]
INFO: [ app_init ] --END-- [ RunTime:0.001000s ]
NOTIC: [8] Use of undefined constant TURE - assumed 'TURE' I:\wamp\server\Apache\htdocs\kefu\Application\Admin\Conf\config.php 第 9 行.

[ 2015-04-23T10:07:42+08:00 ] 127.0.0.1 /kefu/index.php?m=Admin&c=user&a=index
INFO: [ app_init ] --START--
INFO: Run Behavior\BuildLiteBehavior [ RunTime:0.000000s ]
INFO: [ app_init ] --END-- [ RunTime:0.000000s ]
NOTIC: [8] Use of undefined constant TURE - assumed 'TURE' I:\wamp\server\Apache\htdocs\kefu\Application\Admin\Conf\config.php 第 9 行.

[ 2015-04-23T10:07:44+08:00 ] 127.0.0.1 /kefu/index.php?m=Admin&c=article&a=index
INFO: [ app_init ] --START--
INFO: Run Behavior\BuildLiteBehavior [ RunTime:0.000000s ]
INFO: [ app_init ] --END-- [ RunTime:0.001000s ]
NOTIC: [8] Use of undefined constant TURE - assumed 'TURE' I:\wamp\server\Apache\htdocs\kefu\Application\Admin\Conf\config.php 第 9 行.

[ 2015-04-23T10:07:45+08:00 ] 127.0.0.1 /kefu/index.php?m=Admin&c=category&a=index
INFO: [ app_init ] --START--
INFO: Run Behavior\BuildLiteBehavior [ RunTime:0.000000s ]
INFO: [ app_init ] --END-- [ RunTime:0.000000s ]
NOTIC: [8] Use of undefined constant TURE - assumed 'TURE' I:\wamp\server\Apache\htdocs\kefu\Application\Admin\Conf\config.php 第 9 行.

[ 2015-04-23T10:07:50+08:00 ] 127.0.0.1 /kefu/index.php?m=Admin&c=index&a=index
INFO: [ app_init ] --START--
INFO: Run Behavior\BuildLiteBehavior [ RunTime:0.000000s ]
INFO: [ app_init ] --END-- [ RunTime:0.000000s ]
NOTIC: [8] Use of undefined constant TURE - assumed 'TURE' I:\wamp\server\Apache\htdocs\kefu\Application\Admin\Conf\config.php 第 9 行.

[ 2015-04-23T10:07:51+08:00 ] 127.0.0.1 /kefu/index.php?m=Admin&c=category&a=index
INFO: [ app_init ] --START--
INFO: Run Behavior\BuildLiteBehavior [ RunTime:0.000000s ]
INFO: [ app_init ] --END-- [ RunTime:0.000000s ]
NOTIC: [8] Use of undefined constant TURE - assumed 'TURE' I:\wamp\server\Apache\htdocs\kefu\Application\Admin\Conf\config.php 第 9 行.

[ 2015-04-23T10:08:07+08:00 ] 127.0.0.1 /kefu/index.php?m=Admin&c=index&a=index
INFO: [ app_init ] --START--
INFO: Run Behavior\BuildLiteBehavior [ RunTime:0.000000s ]
INFO: [ app_init ] --END-- [ RunTime:0.001000s ]
NOTIC: [8] Use of undefined constant TURE - assumed 'TURE' I:\wamp\server\Apache\htdocs\kefu\Application\Admin\Conf\config.php 第 9 行.

[ 2015-04-23T10:08:09+08:00 ] 127.0.0.1 /kefu/index.php?m=Admin&c=category&a=index
INFO: [ app_init ] --START--
INFO: Run Behavior\BuildLiteBehavior [ RunTime:0.000000s ]
INFO: [ app_init ] --END-- [ RunTime:0.001000s ]
NOTIC: [8] Use of undefined constant TURE - assumed 'TURE' I:\wamp\server\Apache\htdocs\kefu\Application\Admin\Conf\config.php 第 9 行.

[ 2015-04-23T10:08:17+08:00 ] 127.0.0.1 /kefu/index.php?m=Admin&c=User&a=index
INFO: [ app_init ] --START--
INFO: Run Behavior\BuildLiteBehavior [ RunTime:0.000000s ]
INFO: [ app_init ] --END-- [ RunTime:0.000000s ]
NOTIC: [8] Use of undefined constant TURE - assumed 'TURE' I:\wamp\server\Apache\htdocs\kefu\Application\Admin\Conf\config.php 第 9 行.

[ 2015-04-23T10:08:21+08:00 ] 127.0.0.1 /kefu/index.php?m=Admin&c=category&a=index
INFO: [ app_init ] --START--
INFO: Run Behavior\BuildLiteBehavior [ RunTime:0.001000s ]
INFO: [ app_init ] --END-- [ RunTime:0.001000s ]
NOTIC: [8] Use of undefined constant TURE - assumed 'TURE' I:\wamp\server\Apache\htdocs\kefu\Application\Admin\Conf\config.php 第 9 行.

[ 2015-04-23T17:55:49+08:00 ] 127.0.0.1 /kefu/index.php?m=Admin&c=index&a=index
INFO: [ app_init ] --START--
INFO: Run Behavior\BuildLiteBehavior [ RunTime:0.000000s ]
INFO: [ app_init ] --END-- [ RunTime:0.000000s ]
NOTIC: [8] Use of undefined constant TURE - assumed 'TURE' I:\wamp\server\Apache\htdocs\kefu\Application\Admin\Conf\config.php 第 9 行.

[ 2015-04-23T17:55:54+08:00 ] 127.0.0.1 /kefu/index.php?m=Admin&c=category&a=index
INFO: [ app_init ] --START--
INFO: Run Behavior\BuildLiteBehavior [ RunTime:0.000000s ]
INFO: [ app_init ] --END-- [ RunTime:0.000000s ]
NOTIC: [8] Use of undefined constant TURE - assumed 'TURE' I:\wamp\server\Apache\htdocs\kefu\Application\Admin\Conf\config.php 第 9 行.

