[ 2015-04-24T08:22:57+08:00 ] 127.0.0.1 /kefu/index.php?m=Admin&c=index&a=index
INFO: [ app_init ] --START--
INFO: Run Behavior\BuildLiteBehavior [ RunTime:0.000000s ]
INFO: [ app_init ] --END-- [ RunTime:0.000000s ]
NOTIC: [8] Use of undefined constant TURE - assumed 'TURE' I:\wamp\server\Apache\htdocs\kefu\Application\Admin\Conf\config.php 第 9 行.

[ 2015-04-24T08:23:08+08:00 ] 127.0.0.1 /kefu/index.php?m=Admin&c=category&a=index
INFO: [ app_init ] --START--
INFO: Run Behavior\BuildLiteBehavior [ RunTime:0.000000s ]
INFO: [ app_init ] --END-- [ RunTime:0.001000s ]
NOTIC: [8] Use of undefined constant TURE - assumed 'TURE' I:\wamp\server\Apache\htdocs\kefu\Application\Admin\Conf\config.php 第 9 行.

[ 2015-04-24T15:56:27+08:00 ] 127.0.0.1 /kefu/index.php?m=admin
INFO: [ app_init ] --START--
INFO: Run Behavior\BuildLiteBehavior [ RunTime:0.000000s ]
INFO: [ app_init ] --END-- [ RunTime:0.001000s ]
NOTIC: [8] Use of undefined constant TURE - assumed 'TURE' I:\wamp\server\Apache\htdocs\kefu\Application\Admin\Conf\config.php 第 9 行.

[ 2015-04-24T15:56:29+08:00 ] 127.0.0.1 /kefu/index.php?m=Admin&c=category&a=index
INFO: [ app_init ] --START--
INFO: Run Behavior\BuildLiteBehavior [ RunTime:0.000000s ]
INFO: [ app_init ] --END-- [ RunTime:0.026002s ]
NOTIC: [8] Use of undefined constant TURE - assumed 'TURE' I:\wamp\server\Apache\htdocs\kefu\Application\Admin\Conf\config.php 第 9 行.

[ 2015-04-24T15:56:33+08:00 ] 127.0.0.1 /kefu/index.php?m=Admin&c=Public&a=logout
INFO: [ app_init ] --START--
INFO: Run Behavior\BuildLiteBehavior [ RunTime:0.000000s ]
INFO: [ app_init ] --END-- [ RunTime:0.001000s ]
NOTIC: [8] Use of undefined constant TURE - assumed 'TURE' I:\wamp\server\Apache\htdocs\kefu\Application\Admin\Conf\config.php 第 9 行.

[ 2015-04-24T15:56:34+08:00 ] 127.0.0.1 /kefu/index.php?m=Admin&c=public&a=login
INFO: [ app_init ] --START--
INFO: Run Behavior\BuildLiteBehavior [ RunTime:0.000000s ]
INFO: [ app_init ] --END-- [ RunTime:0.001000s ]
NOTIC: [8] Use of undefined constant TURE - assumed 'TURE' I:\wamp\server\Apache\htdocs\kefu\Application\Admin\Conf\config.php 第 9 行.

[ 2015-04-24T15:56:40+08:00 ] 127.0.0.1 /kefu/index.php?m=Admin&c=Public&a=login
INFO: [ app_init ] --START--
INFO: Run Behavior\BuildLiteBehavior [ RunTime:0.000000s ]
INFO: [ app_init ] --END-- [ RunTime:0.010000s ]
NOTIC: [8] Use of undefined constant TURE - assumed 'TURE' I:\wamp\server\Apache\htdocs\kefu\Application\Admin\Conf\config.php 第 9 行.

[ 2015-04-24T15:56:43+08:00 ] 127.0.0.1 /kefu/index.php?m=Admin&c=Public&a=login
INFO: [ app_init ] --START--
INFO: Run Behavior\BuildLiteBehavior [ RunTime:0.000000s ]
INFO: [ app_init ] --END-- [ RunTime:0.000000s ]
NOTIC: [8] Use of undefined constant TURE - assumed 'TURE' I:\wamp\server\Apache\htdocs\kefu\Application\Admin\Conf\config.php 第 9 行.

[ 2015-04-24T15:56:48+08:00 ] 127.0.0.1 /kefu/index.php?m=Admin
INFO: [ app_init ] --START--
INFO: Run Behavior\BuildLiteBehavior [ RunTime:0.000000s ]
INFO: [ app_init ] --END-- [ RunTime:0.000000s ]
NOTIC: [8] Use of undefined constant TURE - assumed 'TURE' I:\wamp\server\Apache\htdocs\kefu\Application\Admin\Conf\config.php 第 9 行.

[ 2015-04-24T15:56:49+08:00 ] 127.0.0.1 /kefu/index.php?m=Admin&c=category&a=index
INFO: [ app_init ] --START--
INFO: Run Behavior\BuildLiteBehavior [ RunTime:0.000000s ]
INFO: [ app_init ] --END-- [ RunTime:0.001000s ]
NOTIC: [8] Use of undefined constant TURE - assumed 'TURE' I:\wamp\server\Apache\htdocs\kefu\Application\Admin\Conf\config.php 第 9 行.

[ 2015-04-24T15:57:42+08:00 ] 127.0.0.1 /kefu/index.php?m=Admin&c=Public&a=logout
INFO: [ app_init ] --START--
INFO: Run Behavior\BuildLiteBehavior [ RunTime:0.000000s ]
INFO: [ app_init ] --END-- [ RunTime:0.001000s ]
NOTIC: [8] Use of undefined constant TURE - assumed 'TURE' I:\wamp\server\Apache\htdocs\kefu\Application\Admin\Conf\config.php 第 9 行.

[ 2015-04-24T15:57:43+08:00 ] 127.0.0.1 /kefu/index.php?m=Admin&c=public&a=login
INFO: [ app_init ] --START--
INFO: Run Behavior\BuildLiteBehavior [ RunTime:0.001000s ]
INFO: [ app_init ] --END-- [ RunTime:0.001000s ]
NOTIC: [8] Use of undefined constant TURE - assumed 'TURE' I:\wamp\server\Apache\htdocs\kefu\Application\Admin\Conf\config.php 第 9 行.

[ 2015-04-24T16:17:37+08:00 ] 127.0.0.1 /kefu/index.php?m=Admin&c=public&a=login
INFO: [ app_init ] --START--
INFO: Run Behavior\BuildLiteBehavior [ RunTime:0.000000s ]
INFO: [ app_init ] --END-- [ RunTime:0.001000s ]
NOTIC: [8] Use of undefined constant TURE - assumed 'TURE' I:\wamp\server\Apache\htdocs\kefu\Application\Admin\Conf\config.php 第 9 行.

[ 2015-04-24T16:17:40+08:00 ] 127.0.0.1 /kefu/index.php?m=Admin&c=Public&a=login
INFO: [ app_init ] --START--
INFO: Run Behavior\BuildLiteBehavior [ RunTime:0.000000s ]
INFO: [ app_init ] --END-- [ RunTime:0.001000s ]
NOTIC: [8] Use of undefined constant TURE - assumed 'TURE' I:\wamp\server\Apache\htdocs\kefu\Application\Admin\Conf\config.php 第 9 行.

[ 2015-04-24T16:17:43+08:00 ] 127.0.0.1 /kefu/index.php?m=Admin&c=Public&a=login
INFO: [ app_init ] --START--
INFO: Run Behavior\BuildLiteBehavior [ RunTime:0.000000s ]
INFO: [ app_init ] --END-- [ RunTime:0.000000s ]
NOTIC: [8] Use of undefined constant TURE - assumed 'TURE' I:\wamp\server\Apache\htdocs\kefu\Application\Admin\Conf\config.php 第 9 行.

[ 2015-04-24T16:18:00+08:00 ] 127.0.0.1 /kefu/index.php?m=Admin
INFO: [ app_init ] --START--
INFO: Run Behavior\BuildLiteBehavior [ RunTime:0.000000s ]
INFO: [ app_init ] --END-- [ RunTime:0.000000s ]
NOTIC: [8] Use of undefined constant TURE - assumed 'TURE' I:\wamp\server\Apache\htdocs\kefu\Application\Admin\Conf\config.php 第 9 行.

[ 2015-04-24T16:18:01+08:00 ] 127.0.0.1 /kefu/index.php?m=Admin&c=category&a=index
INFO: [ app_init ] --START--
INFO: Run Behavior\BuildLiteBehavior [ RunTime:0.001000s ]
INFO: [ app_init ] --END-- [ RunTime:0.001000s ]
NOTIC: [8] Use of undefined constant TURE - assumed 'TURE' I:\wamp\server\Apache\htdocs\kefu\Application\Admin\Conf\config.php 第 9 行.

[ 2015-04-24T16:18:05+08:00 ] 127.0.0.1 /kefu/index.php?m=Admin
INFO: [ app_init ] --START--
INFO: Run Behavior\BuildLiteBehavior [ RunTime:0.000000s ]
INFO: [ app_init ] --END-- [ RunTime:0.000000s ]
NOTIC: [8] Use of undefined constant TURE - assumed 'TURE' I:\wamp\server\Apache\htdocs\kefu\Application\Admin\Conf\config.php 第 9 行.

[ 2015-04-24T16:18:06+08:00 ] 127.0.0.1 /kefu/index.php?m=Admin&c=category&a=index
INFO: [ app_init ] --START--
INFO: Run Behavior\BuildLiteBehavior [ RunTime:0.000000s ]
INFO: [ app_init ] --END-- [ RunTime:0.000000s ]
NOTIC: [8] Use of undefined constant TURE - assumed 'TURE' I:\wamp\server\Apache\htdocs\kefu\Application\Admin\Conf\config.php 第 9 行.

[ 2015-04-24T16:18:07+08:00 ] 127.0.0.1 /kefu/index.php?m=Admin&c=Public&a=logout
INFO: [ app_init ] --START--
INFO: Run Behavior\BuildLiteBehavior [ RunTime:0.000000s ]
INFO: [ app_init ] --END-- [ RunTime:0.000000s ]
NOTIC: [8] Use of undefined constant TURE - assumed 'TURE' I:\wamp\server\Apache\htdocs\kefu\Application\Admin\Conf\config.php 第 9 行.

[ 2015-04-24T16:18:08+08:00 ] 127.0.0.1 /kefu/index.php?m=Admin&c=public&a=login
INFO: [ app_init ] --START--
INFO: Run Behavior\BuildLiteBehavior [ RunTime:0.000000s ]
INFO: [ app_init ] --END-- [ RunTime:0.001000s ]
NOTIC: [8] Use of undefined constant TURE - assumed 'TURE' I:\wamp\server\Apache\htdocs\kefu\Application\Admin\Conf\config.php 第 9 行.

